Arguments: 
  /Users/shreesha/.nvm/versions/node/v8.5.0/bin/node /usr/local/Cellar/yarn/1.13.0/libexec/bin/yarn.js install

PATH: 
  /Users/shreesha/.nvm/versions/node/v8.5.0/bin:/usr/local/bin:/usr/local/sbin:/usr/bin:/bin:/usr/sbin:/sbin

Yarn version: 
  1.13.0

Node version: 
  8.5.0

Platform: 
  darwin x64

Trace: 
  Error: socket hang up
      at TLSSocket.onHangUp (_tls_wrap.js:1140:19)
      at Object.onceWrapper (events.js:314:30)
      at emitNone (events.js:110:20)
      at TLSSocket.emit (events.js:207:7)
      at endReadableNT (_stream_readable.js:1059:12)
      at _combinedTickCallback (internal/process/next_tick.js:138:11)
      at process._tickCallback (internal/process/next_tick.js:180:9)

npm manifest: 
  {
    "name": "client",
    "version": "0.1.0",
    "private": true,
    "homepage": "https://shreesharaj1.github.io/katte/",
    "dependencies": {
      "prop-types": "^15.6.1",
      "react": "^16.4.0",
      "react-dom": "^16.4.0",
      "react-draggable": "^3.0.5",
      "react-markdown": "^3.3.3",
      "react-router-dom": "^4.3.1",
      "uikit": "^3.0.3",
      "whatwg-fetch": "^2.0.4"
    },
    "devDependencies": {
      "babel-eslint": "^8.2.3",
      "eslint": "^4.19.1",
      "eslint-config-airbnb": "^16.1.0",
      "eslint-plugin-import": "^2.12.0",
      "eslint-plugin-jsx-a11y": "^6.0.3",
      "eslint-plugin-react": "^7.9.1",
      "react-scripts": "2.1.4"
    },
    "scripts": {
      "start": "react-scripts start",
      "build": "react-scripts build",
      "test": "react-scripts test --env=jsdom",
      "eject": "react-scripts eject"
    }
  }

yarn manifest: 
  No manifest

Lockfile: 
  No lockfile
