0 info it worked if it ends with ok
1 verbose cli [ '/Users/shreeshabhat/.nvm/versions/node/v6.9.1/bin/node',
1 verbose cli   '/Users/shreeshabhat/.nvm/versions/node/v6.9.1/bin/npm',
1 verbose cli   'run',
1 verbose cli   'start:client' ]
2 info using npm@3.10.8
3 info using node@v6.9.1
4 verbose run-script [ 'prestart:client', 'start:client', 'poststart:client' ]
5 info lifecycle mern-comment-box@1.0.0~prestart:client: mern-comment-box@1.0.0
6 silly lifecycle mern-comment-box@1.0.0~prestart:client: no script for prestart:client, continuing
7 info lifecycle mern-comment-box@1.0.0~start:client: mern-comment-box@1.0.0
8 verbose lifecycle mern-comment-box@1.0.0~start:client: unsafe-perm in lifecycle true
9 verbose lifecycle mern-comment-box@1.0.0~start:client: PATH: /Users/shreeshabhat/.nvm/versions/node/v6.9.1/lib/node_modules/npm/bin/node-gyp-bin:/Users/shreeshabhat/Documents/katte/node_modules/.bin:/Users/shreeshabhat/.nvm/versions/node/v6.9.1/bin:/usr/local/bin:/usr/bin:/bin:/usr/sbin:/sbin
10 verbose lifecycle mern-comment-box@1.0.0~start:client: CWD: /Users/shreeshabhat/Documents/katte
11 silly lifecycle mern-comment-box@1.0.0~start:client: Args: [ '-c', 'cd client && npm start' ]
12 silly lifecycle mern-comment-box@1.0.0~start:client: Returned: code: 1  signal: null
13 info lifecycle mern-comment-box@1.0.0~start:client: Failed to exec start:client script
14 verbose stack Error: mern-comment-box@1.0.0 start:client: `cd client && npm start`
14 verbose stack Exit status 1
14 verbose stack     at EventEmitter.<anonymous> (/Users/shreeshabhat/.nvm/versions/node/v6.9.1/lib/node_modules/npm/lib/utils/lifecycle.js:255:16)
14 verbose stack     at emitTwo (events.js:106:13)
14 verbose stack     at EventEmitter.emit (events.js:191:7)
14 verbose stack     at ChildProcess.<anonymous> (/Users/shreeshabhat/.nvm/versions/node/v6.9.1/lib/node_modules/npm/lib/utils/spawn.js:40:14)
14 verbose stack     at emitTwo (events.js:106:13)
14 verbose stack     at ChildProcess.emit (events.js:191:7)
14 verbose stack     at maybeClose (internal/child_process.js:877:16)
14 verbose stack     at Process.ChildProcess._handle.onexit (internal/child_process.js:226:5)
15 verbose pkgid mern-comment-box@1.0.0
16 verbose cwd /Users/shreeshabhat/Documents/katte
17 error Darwin 18.6.0
18 error argv "/Users/shreeshabhat/.nvm/versions/node/v6.9.1/bin/node" "/Users/shreeshabhat/.nvm/versions/node/v6.9.1/bin/npm" "run" "start:client"
19 error node v6.9.1
20 error npm  v3.10.8
21 error code ELIFECYCLE
22 error mern-comment-box@1.0.0 start:client: `cd client && npm start`
22 error Exit status 1
23 error Failed at the mern-comment-box@1.0.0 start:client script 'cd client && npm start'.
23 error Make sure you have the latest version of node.js and npm installed.
23 error If you do, this is most likely a problem with the mern-comment-box package,
23 error not with npm itself.
23 error Tell the author that this fails on your system:
23 error     cd client && npm start
23 error You can get information on how to open an issue for this project with:
23 error     npm bugs mern-comment-box
23 error Or if that isn't available, you can get their info via:
23 error     npm owner ls mern-comment-box
23 error There is likely additional logging output above.
24 verbose exit [ 1, true ]
